* Starting client
* Connecting to master process on port 4419
* Analyzing classpath: 
  - C:/Users/jessika.aguido/Desktop/teste/tailor-master/build/classes/main
  - C:\Program Files\Java\jdk8\jre\lib\charsets.jar
  - C:\Program Files\Java\jdk8\jre\lib\ext\access-bridge-64.jar
  - C:\Program Files\Java\jdk8\jre\lib\ext\cldrdata.jar
  - C:\Program Files\Java\jdk8\jre\lib\ext\dnsns.jar
  - C:\Program Files\Java\jdk8\jre\lib\ext\jaccess.jar
  - C:\Program Files\Java\jdk8\jre\lib\ext\jfxrt.jar
  - C:\Program Files\Java\jdk8\jre\lib\ext\localedata.jar
  - C:\Program Files\Java\jdk8\jre\lib\ext\nashorn.jar
  - C:\Program Files\Java\jdk8\jre\lib\ext\sunec.jar
  - C:\Program Files\Java\jdk8\jre\lib\ext\sunjce_provider.jar
  - C:\Program Files\Java\jdk8\jre\lib\ext\sunmscapi.jar
  - C:\Program Files\Java\jdk8\jre\lib\ext\sunpkcs11.jar
  - C:\Program Files\Java\jdk8\jre\lib\ext\zipfs.jar
  - C:\Program Files\Java\jdk8\jre\lib\jce.jar
  - C:\Program Files\Java\jdk8\jre\lib\jfr.jar
  - C:\Program Files\Java\jdk8\jre\lib\jfxswt.jar
  - C:\Program Files\Java\jdk8\jre\lib\jsse.jar
  - C:\Program Files\Java\jdk8\jre\lib\management-agent.jar
  - C:\Program Files\Java\jdk8\jre\lib\resources.jar
  - C:\Program Files\Java\jdk8\jre\lib\rt.jar
  - C:\Users\jessika.aguido\Desktop\teste\tailor-master\build\classes\main
  - C:\Users\jessika.aguido\Desktop\teste\tailor-master\build\resources\main
  - C:\Users\jessika.aguido\Desktop\teste\tailor-master\build\classes\gen
  - C:\Users\jessika.aguido\.gradle\caches\modules-2\files-2.1\org.antlr\antlr4\4.6\7144baaa80cf24cc0ac5158f26a2f38505acbde0\antlr4-4.6.jar
  - C:\Users\jessika.aguido\.gradle\caches\modules-2\files-2.1\commons-cli\commons-cli\1.4\c51c00206bb913cd8612b24abd9fa98ae89719b1\commons-cli-1.4.jar
  - C:\Users\jessika.aguido\.gradle\caches\modules-2\files-2.1\org.antlr\antlr4-runtime\4.6\eea6f8cd6f36208355dc2c0a8775503b907ce73\antlr4-runtime-4.6.jar
  - C:\Users\jessika.aguido\.gradle\caches\modules-2\files-2.1\org.fusesource.jansi\jansi\1.15\5292bc138cb1412ea940551c667f8ec4da52d249\jansi-1.15.jar
  - C:\Users\jessika.aguido\.gradle\caches\modules-2\files-2.1\org.yaml\snakeyaml\1.18\e4a441249ade301985cb8d009d4e4a72b85bf68e\snakeyaml-1.18.jar
  - C:\Users\jessika.aguido\.gradle\caches\modules-2\files-2.1\com.google.code.gson\gson\2.8.0\c4ba5371a29ac9b2ad6129b1d39ea38750043eff\gson-2.8.0.jar
  - C:\Users\jessika.aguido\.gradle\caches\modules-2\files-2.1\com.github.spullara.mustache.java\compiler\0.9.4\1d1fab03f31a75018fc30ec248859a5c89cd342f\compiler-0.9.4.jar
  - C:\Users\jessika.aguido\.gradle\caches\modules-2\files-2.1\org.antlr\antlr-runtime\3.5.2\cd9cd41361c155f3af0f653009dcecb08d8b4afd\antlr-runtime-3.5.2.jar
  - C:\Users\jessika.aguido\.gradle\caches\modules-2\files-2.1\org.antlr\ST4\4.0.8\a1c55e974f8a94d78e2348fa6ff63f4fa1fae64\ST4-4.0.8.jar
  - C:\Users\jessika.aguido\.gradle\caches\modules-2\files-2.1\org.abego.treelayout\org.abego.treelayout.core\1.0.3\457216e8e6578099ae63667bb1e4439235892028\org.abego.treelayout.core-1.0.3.jar
  - C:\Users\jessika.aguido\.gradle\caches\modules-2\files-2.1\org.glassfish\javax.json\1.0.4\3178f73569fd7a1e5ffc464e680f7a8cc784b85a\javax.json-1.0.4.jar
* Finished analyzing classpath
* Generating tests for class com.sleekbyte.tailor.common.Severity
* Test criteria:
  - Line Coverage
  - Branch Coverage
  - Exception
  - Mutation testing (weak)
  - Method-Output Coverage
  - Top-Level Method Coverage
  - No-Exception Top-Level Method Coverage
  - Context Branch Coverage
* Setting up search algorithm for whole suite generation
[MASTER] 11:23:19.265 [pool-2-thread-1] WARN  TestSuiteSerialization - Cannot load tests because file does not exist: C:\Users\jessika.aguido\Desktop\teste\tailor-master\src\main\.evosuite\evosuite-seeds\com.sleekbyte.tailor.common.Severity.seed
* Loaded 0 tests from C:\Users\jessika.aguido\Desktop\teste\tailor-master\src\main\.evosuite\evosuite-seeds\com.sleekbyte.tailor.common.Severity.seed
* Total number of test goals: 
  - Line 12
  - Branch 8
  - Exception 0
  - MutationFactory 31
  - Output 12
  - Method 4
  - MethodNoException 4
  - CBranchFitnessFactory 8
* Using seed 1712935393982
* Starting evolution
* Search finished after 96s and 829 generations, 75010 statements, best individual has fitness: 10.549999362354741
* Writing sequences to pool
* Minimizing test suite
* Going to analyze the coverage criteria
* Coverage analysis for criterion LINE
* Coverage of criterion LINE: 67%
* Total number of goals: 12
* Number of covered goals: 8
* Coverage analysis for criterion BRANCH
* Coverage of criterion BRANCH: 100%
* Total number of goals: 8
* Number of covered goals: 8
* Coverage analysis for criterion EXCEPTION
* Coverage of criterion EXCEPTION: 100%
* Total number of goals: 3
* Number of covered goals: 3
* Coverage analysis for criterion WEAKMUTATION
* Coverage of criterion WEAKMUTATION: 90%
* Total number of goals: 31
* Number of covered goals: 28
* Coverage analysis for criterion OUTPUT
* Coverage of criterion OUTPUT: 42%
* Total number of goals: 12
* Number of covered goals: 5
* Coverage analysis for criterion METHOD
* Coverage of criterion METHOD: 100%
* Total number of goals: 4
* Number of covered goals: 4
* Coverage analysis for criterion METHODNOEXCEPTION
* Coverage of criterion METHODNOEXCEPTION: 100%
* Total number of goals: 4
* Number of covered goals: 4
* Coverage analysis for criterion CBRANCH
* Coverage of criterion CBRANCH: 100%
* Total number of goals: 8
* Number of covered goals: 8
* Generated 12 tests with total length 19
* Resulting test suite's coverage: 87% (average coverage for all fitness functions)
* Generating assertions
* Resulting test suite's mutation score: 65%
* Compiling and checking tests
* Writing JUnit test case 'Severity_ESTest' to C:\Users\jessika.aguido\Desktop\teste\tailor-master\src\main\.evosuite\tmp_2024_04_12_11_23_09\tests
* Done!

